----------------------------------------------------------------------------------------------------------------------------------
      name:  <unnamed>
       log:  E:\analyses\opensafely-risk-factors-research-full\analysis\output\models\vmatrices.log
  log type:  text
 opened on:  28 Sep 2020, 20:39:37

. est use an_sensan_CCethnicity_onscoviddeath_MAINFULLYADJMODEL_agespline_bmicat_CCeth

. matrix li e(V)

symmetric e(V)[60,60]
                                                                  0b.            1.           1b.            2.            3.
                      age1          age2          age3          male          male     obese4cat     obese4cat     obese4cat
        age1     .00064168
        age2     -.0013674     .00301377
        age3     .00310747    -.00694304     .01608688
     0b.male             0             0             0             0
      1.male     5.175e-06      -.000016     .00004845             0     .00054763
1b.obese4cat             0             0             0             0             0             0
 2.obese4cat     1.409e-06     -.0000148       .000056             0       .000015             0     .00093505
 3.obese4cat    -2.359e-07    -.00001154     .00005526             0      .0000711             0     .00024066     .00198437
 4.obese4cat    -8.789e-06     .00001108     7.331e-06             0     .00012088             0     .00026446     .00032604
1b.smoke_n~s             0             0             0             0             0             0             0             0
2.smoke_no~s     2.567e-06    -.00001452     .00004123             0    -.00011425             0    -.00001618    -.00001717
3.smoke_no~s    -.00001342     .00004028    -.00008452             0    -.00008973             0     .00005328     .00007284
1b.ethnicity             0             0             0             0             0             0             0             0
 2.ethnicity    -3.888e-06     .00004336    -.00012264             0    -.00001325             0     .00001012     .00002647
 3.ethnicity    -3.321e-06     .00002738    -.00007361             0    -.00004867             0     .00005883     .00010178
 4.ethnicity    -.00002546     .00007972    -.00019936             0    -.00003511             0    -2.687e-06     .00001161
 5.ethnicity     3.369e-06     .00002306    -.00007342             0    -.00002161             0     .00004159     .00005639
      1b.imd             0             0             0             0             0             0             0             0
       2.imd     7.726e-07    -8.302e-08    -1.051e-06             0     5.855e-06             0    -.00001181    -.00001763
       3.imd     9.442e-07     1.437e-06    -5.759e-06             0     .00001166             0    -.00001981    -.00002948
       4.imd     2.076e-07     6.147e-06     -.0000189             0     .00002037             0    -.00002873     -.0000482
       5.imd    -1.041e-06     .00001173    -.00003365             0     .00003027             0    -.00003632    -.00006654
0b.htdiag_~p             0             0             0             0             0             0             0             0
1.htdiag_o~p     5.574e-06    -.00004479     .00012073             0     .00001089             0    -.00006152    -.00008864
0b.chronic~e             0             0             0             0             0             0             0             0
1.chronic_~e     .00001818    -.00005819     .00014634             0    -.00001991             0    -5.104e-06    -.00001913
1b.asthmacat             0             0             0             0             0             0             0             0
 2.asthmacat     1.535e-06     1.529e-06    -5.221e-06             0     .00004284             0    -.00001808    -.00003148
 3.asthmacat    -1.143e-06    -9.467e-07     8.337e-06             0     .00006662             0    -.00003782    -.00007354
0b.chronic~e             0             0             0             0             0             0             0             0
1.chronic_~e     4.183e-06    -.00001252     .00002334             0    -.00006038             0    -.00002156      -.000031
  1b.diabcat             0             0             0             0             0             0             0             0
   2.diabcat     .00001253    -.00004815     .00012746             0    -.00002872             0    -.00007054    -.00010597
   3.diabcat     .00001086    -.00004715      .0001327             0    -.00004318             0    -.00010585    -.00017218
   4.diabcat    -7.810e-06     9.433e-06     -.0000205             0    -8.789e-06             0    -.00005407    -.00008833
1b.cancer_~t             0             0             0             0             0             0             0             0
2.cancer_e~t     .00001702    -.00005527     .00014122             0    -.00005361             0     6.550e-06     .00001543
3.cancer_e~t     .00001699    -.00005467     .00013911             0    -.00005517             0     1.786e-06     1.305e-07
4.cancer_e~t     9.074e-06    -.00002772     .00006394             0     -.0000181             0     3.752e-06     7.224e-06
1b.cancer_~t             0             0             0             0             0             0             0             0
2.cancer_h~t     .00001882    -.00005932     .00015309             0    -.00005851             0     .00002326     .00001833
3.cancer_h~t     .00001786    -.00005709     .00014711             0    -.00005321             0     .00001427     .00002171
4.cancer_h~t     9.452e-06    -.00003116     .00007899             0     -.0000317             0     4.894e-06     .00001684
0b.chronic~e             0             0             0             0             0             0             0             0
1.chronic_~e     2.944e-06    -.00002207     .00007276             0     7.338e-07             0    -7.052e-06    -.00001542
0b.stroke_~a             0             0             0             0             0             0             0             0
1.stroke_d~a    -2.982e-06     .00001032     -.0000368             0    -7.600e-06             0     8.509e-06     .00001636
0b.other_n~o             0             0             0             0             0             0             0             0
1.other_ne~o     .00001012    -.00003459     .00009013             0    -.00002454             0     9.452e-06      .0000172
1b.reduced~t             0             0             0             0             0             0             0             0
2.reduced_~t    -4.108e-06     .00001888    -.00007546             0     .00001193             0     -.0000301    -.00004307
3.reduced_~t    -.00002066      .0000724     -.0002184             0     3.345e-06             0    -.00003835    -.00006319
0b.organ_t~t             0             0             0             0             0             0             0             0
1.organ_tr~t    -4.405e-06    -.00001219     .00007758             0    -.00002757             0     .00006957     .00010449
   0b.spleen             0             0             0             0             0             0             0             0
    1.spleen     7.241e-07    -9.386e-06     .00003195             0    -2.139e-10             0      .0000231     .00002624
0b.ra_sle_~s             0             0             0             0             0             0             0             0
1.ra_sle_p~s     4.795e-06    -.00002005     .00005657             0     .00003183             0    -4.922e-06    -9.587e-06
0b.other_i~n             0             0             0             0             0             0             0             0
1.other_im~n    -.00003457     .00008153    -.00017973             0    -.00002439             0     .00002562       .000034

                         4.           1b.            2.            3.           1b.            2.            3.            4.
                 obese4cat  smoke_nomiss  smoke_nomiss  smoke_nomiss     ethnicity     ethnicity     ethnicity     ethnicity
 4.obese4cat     .00384934
1b.smoke_n~s             0             0
2.smoke_no~s    -.00001679             0     .00065329
3.smoke_no~s     .00009921             0     .00044509     .00239994
1b.ethnicity             0             0             0             0             0
 2.ethnicity     .00001742             0     .00008189      .0000781             0     .01656775
 3.ethnicity     .00015084             0     .00019143     .00022252             0     .00044728     .00220107
 4.ethnicity     .00002792             0     .00011501     .00013348             0     .00048879     .00052381     .00461934
 5.ethnicity     .00009513             0     .00007215     .00006963             0     .00043952     .00044683     .00048467
      1b.imd             0             0             0             0             0             0             0             0
       2.imd    -.00002149             0    -.00001053    -.00002963             0    -8.978e-06    -8.627e-07    -6.258e-06
       3.imd    -.00004123             0    -.00001976    -.00005929             0     -.0000295    -.00005996    -.00003528
       4.imd    -.00006266             0    -.00002827    -.00010329             0    -.00007486    -.00011864    -.00009896
       5.imd    -.00009749             0    -.00004283    -.00017422             0    -.00014546    -.00017726    -.00024104
0b.htdiag_~p             0             0             0             0             0             0             0             0
1.htdiag_o~p    -.00011642             0    -9.827e-06     8.644e-06             0    -.00001284    -8.321e-06    -.00003936
0b.chronic~e             0             0             0             0             0             0             0             0
1.chronic_~e    -.00002338             0    -.00011242    -.00021464             0     .00005042     .00002879     .00005191
1b.asthmacat             0             0             0             0             0             0             0             0
 2.asthmacat    -.00005685             0    -3.695e-06     .00004479             0    -.00002182    -.00005812    -.00003365
 3.asthmacat    -.00011701             0    -9.297e-06     .00004369             0    -.00003664    -.00010596    -.00002301
0b.chronic~e             0             0             0             0             0             0             0             0
1.chronic_~e    -.00004044             0    -.00002562    -.00001124             0     .00001496    -.00003005     .00005375
  1b.diabcat             0             0             0             0             0             0             0             0
   2.diabcat    -.00013291             0    -.00002832    -.00002173             0    -.00007482    -.00015287    -.00011079
   3.diabcat    -.00022684             0    -.00003255    -.00001111             0    -.00012184    -.00022347    -.00013566
   4.diabcat    -.00011729             0    -.00001064    -.00003233             0    -.00010375    -.00016393    -.00016236
1b.cancer_~t             0             0             0             0             0             0             0             0
2.cancer_e~t     .00002897             0    -.00002835    -.00002623             0     .00002694      .0000613     .00003683
3.cancer_e~t     .00001584             0    -.00001709     8.018e-07             0     .00003701     .00006447     .00002216
4.cancer_e~t      .0000126             0    -.00001359     9.223e-06             0     .00002814     .00007079     2.220e-06
1b.cancer_~t             0             0             0             0             0             0             0             0
2.cancer_h~t     .00001199             0     .00001215     .00003849             0     .00004274    -7.662e-07    -.00008903
3.cancer_h~t     .00001228             0    -8.658e-06     .00002452             0      .0000153     .00002268     3.331e-06
4.cancer_h~t     .00003283             0     7.745e-06     .00004012             0     .00006624     .00003663     .00001564
0b.chronic~e             0             0             0             0             0             0             0             0
1.chronic_~e    -8.174e-06             0    -.00001984     -.0000961             0     .00001863     9.451e-06     .00001296
0b.stroke_~a             0             0             0             0             0             0             0             0
1.stroke_d~a     .00002611             0    -.00001184    -.00002642             0    -1.727e-06     7.858e-06    -.00002092
0b.other_n~o             0             0             0             0             0             0             0             0
1.other_ne~o     .00001397             0     4.521e-06      .0000272             0     .00001014    -1.178e-06    -.00001479
1b.reduced~t             0             0             0             0             0             0             0             0
2.reduced_~t    -.00005023             0    -.00001319     3.501e-06             0     -.0000159     6.153e-06    -.00003972
3.reduced_~t     -.0000747             0    -.00002368     -.0000104             0    -.00004539    -.00001712    -.00007758
0b.organ_t~t             0             0             0             0             0             0             0             0
1.organ_tr~t     .00015383             0     .00001732     .00012453             0     3.426e-06    -.00012647    -.00003379
   0b.spleen             0             0             0             0             0             0             0             0
    1.spleen     .00003727             0    -6.878e-06    -3.679e-06             0    -.00001894     .00004698    -.00016912
0b.ra_sle_~s             0             0             0             0             0             0             0             0
1.ra_sle_p~s    -.00001209             0    -.00003586    -.00003966             0     .00003033     .00001755     .00006082
0b.other_i~n             0             0             0             0             0             0             0             0
1.other_im~n     .00003832             0     .00001767     .00006373             0    -.00024326      .0000483    -.00045046

                         5.           1b.            2.            3.            4.            5.           0b.            1.
                 ethnicity           imd           imd           imd           imd           imd  htdiag_or_~p  htdiag_or_~p
 5.ethnicity     .00957716
      1b.imd             0             0
       2.imd    -7.179e-07             0     .00147078
       3.imd     3.946e-06             0      .0007985     .00145887
       4.imd    -.00003174             0     .00080497     .00083186     .00140381
       5.imd    -.00010812             0     .00080735     .00083612     .00088107     .00146849
0b.htdiag_~p             0             0             0             0             0             0             0
1.htdiag_o~p     .00001733             0    -2.236e-06    -8.325e-06    -.00001282    -.00001309             0     .00073575
0b.chronic~e             0             0             0             0             0             0             0             0
1.chronic_~e     .00003175             0    -.00001117    -.00002417    -.00003849    -.00006372             0     .00001777
1b.asthmacat             0             0             0             0             0             0             0             0
 2.asthmacat     .00001576             0     3.539e-06     5.131e-06     4.154e-06    -2.610e-06             0    -4.965e-06
 3.asthmacat    -3.223e-06             0     8.731e-07     2.904e-06    -2.311e-06    -.00001301             0    -4.158e-06
0b.chronic~e             0             0             0             0             0             0             0             0
1.chronic_~e     9.753e-06             0     6.502e-08    -4.122e-06    -6.260e-06     -.0000128             0    -.00002247
  1b.diabcat             0             0             0             0             0             0             0             0
   2.diabcat     -.0000777             0    -8.512e-06    -.00001692    -.00002094    -.00003011             0    -.00006254
   3.diabcat    -.00008563             0     -.0000106    -.00001639     -.0000243    -.00004287             0    -.00006883
   4.diabcat    -.00010431             0    -7.665e-06    -.00001476    -.00002915    -.00004618             0    -.00004191
1b.cancer_~t             0             0             0             0             0             0             0             0
2.cancer_e~t     .00001063             0    -8.135e-06    -3.933e-06     2.642e-07     3.230e-06             0     8.043e-07
3.cancer_e~t     .00002398             0     4.345e-06     6.893e-06     .00001441     .00001673             0    -3.578e-06
4.cancer_e~t     .00003838             0     7.719e-06     .00001328     .00001885     .00002578             0    -3.105e-06
1b.cancer_~t             0             0             0             0             0             0             0             0
2.cancer_h~t    -2.495e-06             0     6.699e-06     4.061e-06     .00001806     .00002898             0    -2.121e-06
3.cancer_h~t     1.470e-06             0     9.636e-07     6.839e-06     .00001738     .00002363             0     .00001645
4.cancer_h~t     .00003753             0     4.226e-06     .00001065     .00002758     .00001928             0     .00001949
0b.chronic~e             0             0             0             0             0             0             0             0
1.chronic_~e    -.00002519             0     3.582e-07     2.637e-06    -.00001093    -.00002277             0    -.00001403
0b.stroke_~a             0             0             0             0             0             0             0             0
1.stroke_d~a     .00001119             0    -1.583e-06    -5.567e-06    -9.267e-06     -.0000154             0    -.00003429
0b.other_n~o             0             0             0             0             0             0             0             0
1.other_ne~o    -4.037e-07             0    -3.922e-06    -3.616e-06    -9.269e-06     -.0000134             0     .00001348
1b.reduced~t             0             0             0             0             0             0             0             0
2.reduced_~t     2.379e-06             0    -6.697e-06    -.00001226    -.00001769    -.00002055             0    -.00004062
3.reduced_~t    -.00001147             0    -6.603e-06    -.00001541    -.00002481    -.00003325             0    -.00007037
0b.organ_t~t             0             0             0             0             0             0             0             0
1.organ_tr~t    -.00006924             0     8.385e-06    -9.599e-07     3.559e-06     .00001853             0    -.00009544
   0b.spleen             0             0             0             0             0             0             0             0
    1.spleen     .00002089             0    -2.439e-07    -7.598e-07    -.00001543     4.334e-06             0     9.664e-06
0b.ra_sle_~s             0             0             0             0             0             0             0             0
1.ra_sle_p~s       .000031             0     2.056e-06     1.903e-06     6.120e-07     6.707e-06             0    -9.245e-06
0b.other_i~n             0             0             0             0             0             0             0             0
1.other_im~n     4.432e-06             0    -7.812e-06    -9.011e-06    -.00001053    -.00003996             0     .00001291

                        0b.            1.           1b.            2.            3.           0b.            1.           1b.
              chronic_re~e  chronic_re~e     asthmacat     asthmacat     asthmacat  chronic_ca~e  chronic_ca~e       diabcat
0b.chronic~e             0
1.chronic_~e             0     .00082423
1b.asthmacat             0             0             0
 2.asthmacat             0    -.00010497             0     .00127046
 3.asthmacat             0    -.00031315             0     .00019938     .00409886
0b.chronic~e             0             0             0             0             0             0
1.chronic_~e             0    -.00005676             0    -.00001306    -.00001792             0     .00062526
  1b.diabcat             0             0             0             0             0             0             0             0
   2.diabcat             0    -.00001212             0    -.00001159    -.00001276             0     -.0000576             0
   3.diabcat             0     1.279e-06             0    -.00001304    -4.979e-06             0    -.00006997             0
   4.diabcat             0    -8.441e-06             0    -.00001005     .00001788             0    -.00003697             0
1b.cancer_~t             0             0             0             0             0             0             0             0
2.cancer_e~t             0    -.00002766             0     3.625e-06    -2.409e-06             0     1.171e-06             0
3.cancer_e~t             0    -.00002279             0     4.217e-06     2.094e-06             0     7.835e-06             0
4.cancer_e~t             0    -.00001173             0    -1.659e-06    -3.267e-06             0    -4.834e-07             0
1b.cancer_~t             0             0             0             0             0             0             0             0
2.cancer_h~t             0    -7.549e-06             0      .0000307    -.00003165             0    -.00002448             0
3.cancer_h~t             0    -3.572e-06             0     1.709e-06    -.00001618             0    -9.589e-06             0
4.cancer_h~t             0    -.00002088             0     2.364e-06     .00001362             0    -.00001811             0
0b.chronic~e             0             0             0             0             0             0             0             0
1.chronic_~e             0    -.00004636             0    -5.482e-06    -.00002309             0    -.00001195             0
0b.stroke_~a             0             0             0             0             0             0             0             0
1.stroke_d~a             0    -.00001578             0    -6.369e-07     4.014e-06             0    -.00007337             0
0b.other_n~o             0             0             0             0             0             0             0             0
1.other_ne~o             0     2.876e-06             0    -.00001178     1.478e-06             0     -.0000197             0
1b.reduced~t             0             0             0             0             0             0             0             0
2.reduced_~t             0    -5.700e-06             0     7.782e-06     8.225e-06             0    -.00006156             0
3.reduced_~t             0     8.575e-07             0     7.704e-06     .00001311             0    -.00011327             0
0b.organ_t~t             0             0             0             0             0             0             0             0
1.organ_tr~t             0     3.426e-06             0     .00001463      .0000458             0    -.00001579             0
   0b.spleen             0             0             0             0             0             0             0             0
    1.spleen             0    -.00001017             0    -9.613e-06    -1.281e-06             0    -.00002343             0
0b.ra_sle_~s             0             0             0             0             0             0             0             0
1.ra_sle_p~s             0    -.00003961             0     -.0000103    -.00001065             0    -.00001738             0
0b.other_i~n             0             0             0             0             0             0             0             0
1.other_im~n             0    -.00005377             0    -8.905e-06     .00001689             0    -.00002159             0

                         2.            3.            4.           1b.            2.            3.            4.           1b.
                   diabcat       diabcat       diabcat  cancer_exh~t  cancer_exh~t  cancer_exh~t  cancer_exh~t  cancer_hae~t
   2.diabcat     .00082511
   3.diabcat     .00029956     .00137084
   4.diabcat     .00027938     .00028433     .00319329
1b.cancer_~t             0             0             0             0
2.cancer_e~t    -.00001871     2.719e-07    -5.157e-07             0     .00646843
3.cancer_e~t    -.00001033    -.00001015     5.302e-06             0     .00016948     .00306208
4.cancer_e~t    -9.523e-06     1.693e-06     1.186e-06             0      .0001641      .0001652     .00136401
1b.cancer_~t             0             0             0             0             0             0             0             0
2.cancer_h~t    -.00001115     .00004282    -.00001245             0     -.0005013     4.999e-06    -.00001229             0
3.cancer_h~t     4.742e-06     .00001727    -.00001797             0    -.00002654    -.00017387    -.00002004             0
4.cancer_h~t    -6.979e-07     5.747e-06    -.00002484             0    -.00003183     -.0000165     -.0000634             0
0b.chronic~e             0             0             0             0             0             0             0             0
1.chronic_~e    -.00006631    -.00008347    -.00003044             0    -.00009192    -.00005388    -.00002189             0
0b.stroke_~a             0             0             0             0             0             0             0             0
1.stroke_d~a     -.0000219    -.00003226     -.0000252             0     4.139e-06     .00001021     4.326e-06             0
0b.other_n~o             0             0             0             0             0             0             0             0
1.other_ne~o    -7.003e-06    -5.209e-06    -.00001958             0    -1.883e-06     .00001322    -2.459e-06             0
1b.reduced~t             0             0             0             0             0             0             0             0
2.reduced_~t    -.00003503    -.00007475    -.00001251             0    -6.409e-06    -.00001443    -.00001148             0
3.reduced_~t    -.00006714    -.00019325    -.00007927             0    -8.306e-06    -.00002886    -.00003032             0
0b.organ_t~t             0             0             0             0             0             0             0             0
1.organ_tr~t     5.893e-06     -.0000116    -.00012467             0    -.00003664    -.00003568    -.00002687             0
   0b.spleen             0             0             0             0             0             0             0             0
    1.spleen    -.00002767    -.00005336    -.00003984             0    -.00007796     -.0001028    -.00013773             0
0b.ra_sle_~s             0             0             0             0             0             0             0             0
1.ra_sle_p~s    -8.426e-06    -2.380e-06     1.040e-06             0    -4.001e-06     4.880e-07     1.776e-06             0
0b.other_i~n             0             0             0             0             0             0             0             0
1.other_im~n     .00001695     .00003193    -5.361e-06             0    -.00003025    -.00004453     -.0000205             0

                         2.            3.            4.           0b.            1.           0b.            1.           0b.
              cancer_hae~t  cancer_hae~t  cancer_hae~t  chronic_li~e  chronic_li~e  stroke_dem~a  stroke_dem~a   other_neuro
2.cancer_h~t     .03727095
3.cancer_h~t     .00016329     .01115429
4.cancer_h~t     .00016387     .00015499     .00817851
0b.chronic~e             0             0             0             0
1.chronic_~e     7.348e-06    -.00004023    -.00004139             0     .00734089
0b.stroke_~a             0             0             0             0             0             0
1.stroke_d~a      .0000418     .00002967     6.528e-06             0    -.00002433             0     .00078311
0b.other_n~o             0             0             0             0             0             0             0             0
1.other_ne~o      .0000169     5.384e-06     9.772e-06             0    -.00001656             0    -.00020591             0
1b.reduced~t             0             0             0             0             0             0             0             0
2.reduced_~t    -.00003232    -.00004523    -.00002963             0    -4.375e-06             0    -.00001799             0
3.reduced_~t    -.00017058    -.00007338    -.00007678             0     .00001678             0    -.00002508             0
0b.organ_t~t             0             0             0             0             0             0             0             0
1.organ_tr~t     .00005768     .00002488    -.00004165             0    -.00174928             0    -.00001711             0
   0b.spleen             0             0             0             0             0             0             0             0
    1.spleen    -.00004787    -.00012543    -.00082449             0    -.00016568             0    -.00003068             0
0b.ra_sle_~s             0             0             0             0             0             0             0             0
1.ra_sle_p~s    -.00002288    -.00001377    -.00001096             0    -.00006011             0    -4.995e-06             0
0b.other_i~n             0             0             0             0             0             0             0             0
1.other_im~n      -.000753    -.00031379    -.00040813             0    -.00028482             0    -1.076e-06             0

                         1.           1b.            2.            3.           0b.            1.           0b.            1.
               other_neuro  reduced_ki~t  reduced_ki~t  reduced_ki~t  organ_tran~t  organ_tran~t        spleen        spleen
1.other_ne~o      .0022176
1b.reduced~t             0             0
2.reduced_~t     .00002519             0     .00070592
3.reduced_~t     .00003678             0     .00041621     .00206087
0b.organ_t~t             0             0             0             0             0
1.organ_tr~t     .00003671             0    -.00022834    -.00059246             0     .01978186
   0b.spleen             0             0             0             0             0             0             0
    1.spleen     8.173e-08             0     .00002945     .00002662             0      -.000295             0     .03251828
0b.ra_sle_~s             0             0             0             0             0             0             0             0
1.ra_sle_p~s     1.597e-06             0     5.602e-07     3.291e-06             0     .00002819             0    -.00001256
0b.other_i~n             0             0             0             0             0             0             0             0
1.other_im~n     5.676e-06             0    -.00003698    -.00008557             0    -.00066607             0    -.00011794

                        0b.            1.           0b.            1.
              ra_sle_pso~s  ra_sle_pso~s  other_immu~n  other_immu~n
0b.ra_sle_~s             0
1.ra_sle_p~s             0     .00156554
0b.other_i~n             0             0             0
1.other_im~n             0    -.00006893             0     .02359581

. est use an_sensan_CCethnicity_onscoviddeath_MAINFULLYADJMODEL_agegroup_bmicat_CCeth

. matrix li e(V)

symmetric e(V)[63,63]
                         1.            2.           3b.            4.            5.            6.           0b.            1.
                  agegroup      agegroup      agegroup      agegroup      agegroup      agegroup          male          male
  1.agegroup     .02481883
  2.agegroup     .00252545     .01126785
 3b.agegroup             0             0             0
  4.agegroup      .0023903      .0024159             0      .0036727
  5.agegroup      .0023411     .00238491             0     .00254383     .00314661
  6.agegroup     .00232789     .00237137             0     .00257811     .00275275     .00315875
     0b.male             0             0             0             0             0             0             0
      1.male    -6.025e-06    -2.587e-06             0     .00001553     .00003496     .00007174             0     .00053928
1b.obese4cat             0             0             0             0             0             0             0             0
 2.obese4cat     .00006645     .00001786             0     .00001263     .00004096     .00011413             0      .0000108
 3.obese4cat     .00006676     .00001773             0      .0000248     .00008503     .00020165             0     .00006468
 4.obese4cat     .00007749     .00002008             0     .00005026     .00015851     .00032262             0      .0001126
1b.smoke_n~s             0             0             0             0             0             0             0             0
2.smoke_no~s     .00006869    -5.363e-06             0    -.00002236    -.00005021    -.00003624             0    -.00011015
3.smoke_no~s     .00002216    -.00003092             0     .00007325     .00016311     .00026424             0    -.00009096
1b.ethnicity             0             0             0             0             0             0             0             0
 2.ethnicity    -.00022734     -.0001139             0     .00011479     .00017898     .00019254             0    -8.621e-06
 3.ethnicity    -.00012207    -.00014468             0     .00002027     .00009199     .00010848             0     -.0000464
 4.ethnicity    -4.249e-06    -.00005049             0      .0001139     .00017344     .00015094             0    -.00003282
 5.ethnicity    -.00025449    -.00016084             0     .00006041     .00011558      .0001389             0    -.00001876
      1b.imd             0             0             0             0             0             0             0             0
       2.imd    -.00001902    -1.229e-06             0     1.437e-06     6.869e-06     8.038e-06             0     4.703e-06
       3.imd    -.00003564    -3.679e-06             0     4.479e-06     .00001717     .00002038             0     .00001098
       4.imd     -.0000565    -8.033e-06             0      .0000123     .00003391     .00003829             0     .00001924
       5.imd    -.00007428    -.00001372             0     .00001642      .0000516      .0000562             0     .00002869
0b.htdiag_~p             0             0             0             0             0             0             0             0
1.htdiag_o~p     .00021625     .00011519             0    -.00010483    -.00018656     -.0002434             0     9.039e-06
0b.chronic~e             0             0             0             0             0             0             0             0
1.chronic_~e     .00002239     .00002355             0    -.00005326    -.00011168    -.00012813             0    -.00001622
1b.asthmacat             0             0             0             0             0             0             0             0
 2.asthmacat     -.0000473    -8.249e-06             0      .0000219     .00003934      .0000441             0     .00004279
 3.asthmacat     .00002664      .0000158             0     2.314e-06     .00001925     .00003263             0     .00006603
0b.chronic~e             0             0             0             0             0             0             0             0
1.chronic_~e     8.104e-06     .00001474             0    -.00003204    -.00007509    -.00013251             0    -.00005926
  1b.diabcat             0             0             0             0             0             0             0             0
   2.diabcat     .00007222     .00004701             0    -.00005165    -.00008866    -.00010057             0    -.00002863
   3.diabcat     .00008827     .00006059             0    -.00004834     -.0000505    -.00003511             0    -.00004549
   4.diabcat     .00010466     .00005469             0     -.0000315    -.00004256    -.00007263             0    -.00001124
1b.cancer_~t             0             0             0             0             0             0             0             0
2.cancer_e~t     .00002902     .00002179             0    -.00005209    -.00009938    -.00010229             0    -.00005233
3.cancer_e~t     .00002932     .00002168             0    -.00004587    -.00010021    -.00010213             0    -.00005225
4.cancer_e~t     .00001584     .00001106             0      -.000032    -.00008826    -.00013554             0    -.00001315
1b.cancer_~t             0             0             0             0             0             0             0             0
2.cancer_h~t      .0000197     .00001752             0    -.00003526    -.00008265    -.00007355             0    -.00005171
3.cancer_h~t     .00002802     .00002213             0    -.00003521    -.00007677    -.00008166             0    -.00005283
4.cancer_h~t      .0000242      .0000141             0    -.00002562    -.00006125    -.00007075             0    -.00003032
0b.chronic~e             0             0             0             0             0             0             0             0
1.chronic_~e     .00006849     .00003291             0    -.00003638    -5.141e-08     .00006064             0    -8.923e-07
0b.stroke_~a             0             0             0             0             0             0             0             0
1.stroke_d~a     5.832e-07     3.305e-06             0    -.00001696    -.00004911    -.00011902             0    -6.430e-06
0b.other_n~o             0             0             0             0             0             0             0             0
1.other_ne~o     .00003288     .00002096             0    -.00002494    -.00005334    -.00006092             0    -.00002494
1b.reduced~t             0             0             0             0             0             0             0             0
2.reduced_~t    -.00001313    -2.786e-06             0     -.0000293    -.00013029     -.0002909             0     .00002153
3.reduced_~t    -.00004053    -.00001794             0    -5.359e-06    -.00007753    -.00027099             0      .0000156
0b.organ_t~t             0             0             0             0             0             0             0             0
1.organ_tr~t     .00012274     .00006721             0     -.0000144     .00015591     .00039377             0    -.00003955
   0b.spleen             0             0             0             0             0             0             0             0
    1.spleen     .00004488     .00002543             0    -.00001033     6.636e-06     .00003009             0    -1.219e-06
0b.ra_sle_~s             0             0             0             0             0             0             0             0
1.ra_sle_p~s      .0000388     .00001775             0    -.00001486      -.000023    -8.757e-06             0     .00003032
0b.other_i~n             0             0             0             0             0             0             0             0
1.other_im~n     .00016497     .00002454             0     .00010486     .00017431     .00022907             0    -.00003276

                        1b.            2.            3.            4.           1b.            2.            3.           1b.
                 obese4cat     obese4cat     obese4cat     obese4cat  smoke_nomiss  smoke_nomiss  smoke_nomiss     ethnicity
1b.obese4cat             0
 2.obese4cat             0     .00092348
 3.obese4cat             0      .0002248     .00196297
 4.obese4cat             0     .00024371     .00029842      .0038141
1b.smoke_n~s             0             0             0             0             0
2.smoke_no~s             0    -.00001615    -.00001784    -.00001704             0     .00065445
3.smoke_no~s             0     .00004617     .00006245     .00008761             0     .00044359      .0023804
1b.ethnicity             0             0             0             0             0             0             0             0
 2.ethnicity             0     .00001134     .00002483     .00003011             0     .00008355     .00007968             0
 3.ethnicity             0     .00005909     .00010253     .00014803             0     .00019164        .00022             0
 4.ethnicity             0    -3.587e-06     .00001003     .00002539             0     .00011697     .00013267             0
 5.ethnicity             0     .00004251      .0000577     .00009754             0     .00007617     .00007433             0
      1b.imd             0             0             0             0             0             0             0             0
       2.imd             0    -.00001201    -.00001834    -.00002107             0    -.00001201    -.00003092             0
       3.imd             0    -.00002053    -.00002964    -.00004029             0    -.00002152    -.00006082             0
       4.imd             0    -.00002884    -.00004751    -.00006224             0    -.00003073    -.00010546             0
       5.imd             0    -.00003734    -.00006647    -.00009687             0    -.00004595     -.0001769             0
0b.htdiag_~p             0             0             0             0             0             0             0             0
1.htdiag_o~p             0    -.00005957    -.00008594    -.00011308             0    -8.589e-06     .00001035             0
0b.chronic~e             0             0             0             0             0             0             0             0
1.chronic_~e             0    -4.708e-06    -.00001729    -.00002396             0     -.0001142    -.00021886             0
1b.asthmacat             0             0             0             0             0             0             0             0
 2.asthmacat             0    -.00001937    -.00003403    -.00005875             0    -2.563e-06     .00004285             0
 3.asthmacat             0    -.00003942    -.00007664    -.00012082             0    -7.800e-06     .00004422             0
0b.chronic~e             0             0             0             0             0             0             0             0
1.chronic_~e             0    -.00001766    -.00002599    -.00003643             0    -.00002632    -9.895e-06             0
  1b.diabcat             0             0             0             0             0             0             0             0
   2.diabcat             0    -.00007276    -.00011042    -.00013742             0    -.00002829    -.00002516             0
   3.diabcat             0    -.00011104    -.00018118    -.00023548             0    -.00003218    -.00001521             0
   4.diabcat             0    -.00005415     -.0000841    -.00011733             0    -.00001253     -.0000323             0
1b.cancer_~t             0             0             0             0             0             0             0             0
2.cancer_e~t             0     4.609e-06     .00001658     .00002018             0    -.00002723    -.00002899             0
3.cancer_e~t             0     1.967e-06    -2.102e-06     .00001187             0     -.0000163    -1.727e-07             0
4.cancer_e~t             0     5.382e-06     8.356e-06     .00001157             0    -.00001294     8.695e-06             0
1b.cancer_~t             0             0             0             0             0             0             0             0
2.cancer_h~t             0     .00001864     .00001936     3.997e-07             0      .0000155     .00003194             0
3.cancer_h~t             0     .00001559     .00001603     9.406e-06             0    -5.805e-06     .00002053             0
4.cancer_h~t             0     6.425e-06     .00001514      .0000313             0     7.961e-06     .00003905             0
0b.chronic~e             0             0             0             0             0             0             0             0
1.chronic_~e             0    -.00001063    -.00001317    -8.531e-06             0    -.00002014    -.00009672             0
0b.stroke_~a             0             0             0             0             0             0             0             0
1.stroke_d~a             0     .00001369     .00002223     .00003507             0    -.00001358    -.00002552             0
0b.other_n~o             0             0             0             0             0             0             0             0
1.other_ne~o             0     6.519e-06     .00001232     9.197e-06             0     4.859e-06     .00002337             0
1b.reduced~t             0             0             0             0             0             0             0             0
2.reduced_~t             0     -.0000204     -.0000304     -.0000351             0    -.00001159     .00001319             0
3.reduced_~t             0    -.00002061    -.00004492    -.00005512             0    -.00002193     7.467e-06             0
0b.organ_t~t             0             0             0             0             0             0             0             0
1.organ_tr~t             0     .00005925     .00009659     .00014431             0     .00001347     .00010967             0
   0b.spleen             0             0             0             0             0             0             0             0
    1.spleen             0     .00002124     .00002082     .00004544             0    -.00001103    -6.747e-06             0
0b.ra_sle_~s             0             0             0             0             0             0             0             0
1.ra_sle_p~s             0    -5.626e-06    -.00001362    -.00001471             0    -.00003581    -.00004243             0
0b.other_i~n             0             0             0             0             0             0             0             0
1.other_im~n             0     .00001337     .00003035     .00003031             0     .00002007     .00005965             0

                         2.            3.            4.            5.           1b.            2.            3.            4.
                 ethnicity     ethnicity     ethnicity     ethnicity           imd           imd           imd           imd
 2.ethnicity       .016569
 3.ethnicity     .00044758     .00220406
 4.ethnicity     .00049028     .00052539     .00462145
 5.ethnicity     .00044043      .0004502      .0004835     .00957743
      1b.imd             0             0             0             0             0
       2.imd    -9.184e-06    -1.176e-06    -8.374e-06    -1.009e-06             0     .00147069
       3.imd    -.00003133    -.00006087    -.00003776    -5.102e-08             0     .00079864     .00145967
       4.imd    -.00007654    -.00011873    -.00010139    -.00003598             0     .00080544     .00083336     .00140608
       5.imd    -.00014485    -.00017342    -.00024066    -.00010574             0     .00080814     .00083785     .00088338
0b.htdiag_~p             0             0             0             0             0             0             0             0
1.htdiag_o~p    -.00001281    -.00001103    -.00003929     .00001684             0    -3.161e-06    -9.821e-06    -.00001471
0b.chronic~e             0             0             0             0             0             0             0             0
1.chronic_~e     .00005197     .00003104     .00005693     .00003455             0    -.00001132    -.00002427    -.00004059
1b.asthmacat             0             0             0             0             0             0             0             0
 2.asthmacat    -.00001985    -.00005583    -.00003204     .00001536             0     3.412e-06     4.781e-06     4.428e-06
 3.asthmacat    -.00003848    -.00009817    -.00001489    -1.671e-06             0    -1.515e-06     2.563e-06    -3.498e-06
0b.chronic~e             0             0             0             0             0             0             0             0
1.chronic_~e     .00001314    -.00003266      .0000575     5.421e-06             0    -1.164e-06    -4.770e-06    -7.397e-06
  1b.diabcat             0             0             0             0             0             0             0             0
   2.diabcat     -.0000726    -.00015544    -.00010932    -.00007883             0    -9.261e-06    -.00001849    -.00002425
   3.diabcat    -.00011757    -.00022763     -.0001339      -.000087             0    -.00001118     -.0000181    -.00002627
   4.diabcat    -.00010638    -.00017004    -.00015865    -.00010407             0    -7.491e-06    -.00001742    -.00003174
1b.cancer_~t             0             0             0             0             0             0             0             0
2.cancer_e~t      .0000289     .00006208     .00003379     .00001288             0    -5.636e-06    -1.992e-06     5.398e-06
3.cancer_e~t     .00003351     .00006216      .0000272     .00002828             0     5.939e-06     8.252e-06     .00001429
4.cancer_e~t     .00002376     .00007114     4.899e-06     .00003703             0     6.988e-06     .00001259     .00001852
1b.cancer_~t             0             0             0             0             0             0             0             0
2.cancer_h~t     .00005217     .00001375    -.00005682     7.611e-06             0     4.622e-06     7.811e-06      .0000183
3.cancer_h~t     .00001529     .00002427     .00001475    -6.994e-06             0     8.897e-07     7.014e-06     .00001969
4.cancer_h~t     .00005651     .00003512     .00002385     .00003228             0     5.746e-06      .0000143     .00002657
0b.chronic~e             0             0             0             0             0             0             0             0
1.chronic_~e     .00002101     4.111e-06     .00001163    -.00003951             0     4.460e-07     3.462e-06    -.00001074
0b.stroke_~a             0             0             0             0             0             0             0             0
1.stroke_d~a    -1.856e-06     7.768e-06    -.00001566     .00001234             0    -2.254e-06    -6.494e-06    -.00001099
0b.other_n~o             0             0             0             0             0             0             0             0
1.other_ne~o     .00001338    -5.079e-06    -.00001005     9.862e-06             0    -3.978e-06    -3.211e-06    -.00001197
1b.reduced~t             0             0             0             0             0             0             0             0
2.reduced_~t    -.00001355     9.696e-06    -.00003687     5.578e-06             0    -6.560e-06    -.00001238    -.00001818
3.reduced_~t    -.00003892    -.00001622    -.00007535    -.00001016             0    -5.849e-06    -.00001596    -.00002524
0b.organ_t~t             0             0             0             0             0             0             0             0
1.organ_tr~t    -1.413e-06    -.00011948    -.00004836    -.00007384             0     6.848e-06     6.975e-07     5.716e-06
   0b.spleen             0             0             0             0             0             0             0             0
    1.spleen    -.00004585     .00005094    -.00017966     .00001241             0    -2.863e-06    -2.059e-06    -.00002127
0b.ra_sle_~s             0             0             0             0             0             0             0             0
1.ra_sle_p~s     .00003467     .00001566     .00005812     .00002668             0     2.399e-06     2.452e-06     4.590e-07
0b.other_i~n             0             0             0             0             0             0             0             0
1.other_im~n    -.00024516     .00005042    -.00046405     .00002675             0    -7.341e-06    -8.888e-06    -9.189e-06

                         5.           0b.            1.           0b.            1.           1b.            2.            3.
                       imd  htdiag_or_~p  htdiag_or_~p  chronic_re~e  chronic_re~e     asthmacat     asthmacat     asthmacat
       5.imd     .00146989
0b.htdiag_~p             0             0
1.htdiag_o~p    -.00001623             0     .00074055
0b.chronic~e             0             0             0             0
1.chronic_~e    -.00006581             0     .00001767             0     .00082832
1b.asthmacat             0             0             0             0             0             0
 2.asthmacat    -3.192e-06             0    -4.858e-06             0    -.00010358             0     .00126945
 3.asthmacat    -.00001475             0    -3.878e-06             0    -.00031007             0     .00019708     .00409441
0b.chronic~e             0             0             0             0             0             0             0             0
1.chronic_~e    -.00001447             0     -.0000226             0     -.0000576             0    -.00001142    -.00001673
  1b.diabcat             0             0             0             0             0             0             0             0
   2.diabcat    -.00003253             0    -.00006074             0    -9.906e-06             0    -.00001274      -.000015
   3.diabcat    -.00004499             0    -.00006516             0     2.079e-06             0    -.00001324    -6.085e-06
   4.diabcat    -.00004906             0    -.00004497             0    -6.646e-06             0    -.00001053     .00001994
1b.cancer_~t             0             0             0             0             0             0             0             0
2.cancer_e~t     3.876e-06             0     4.168e-07             0    -.00002736             0     4.965e-06    -6.257e-06
3.cancer_e~t     .00001699             0    -2.170e-06             0    -.00002269             0     4.759e-06    -1.583e-06
4.cancer_e~t     .00002424             0    -1.749e-06             0    -.00001023             0     9.596e-07    -1.335e-06
1b.cancer_~t             0             0             0             0             0             0             0             0
2.cancer_h~t     .00002916             0     3.049e-06             0    -2.793e-06             0     .00002417    -.00003298
3.cancer_h~t     .00002372             0     .00001904             0    -3.427e-06             0    -2.309e-08    -8.508e-06
4.cancer_h~t     .00002061             0     .00002161             0    -.00001825             0     2.610e-06     6.726e-06
0b.chronic~e             0             0             0             0             0             0             0             0
1.chronic_~e    -.00002206             0    -.00001204             0    -.00004801             0    -5.872e-06    -.00001621
0b.stroke_~a             0             0             0             0             0             0             0             0
1.stroke_d~a    -.00001794             0    -.00003764             0    -.00001673             0    -3.460e-07     5.675e-06
0b.other_n~o             0             0             0             0             0             0             0             0
1.other_ne~o    -.00001439             0     .00001535             0     4.577e-06             0    -.00001282     6.476e-07
1b.reduced~t             0             0             0             0             0             0             0             0
2.reduced_~t    -.00002098             0    -.00004468             0    -3.861e-06             0     .00001016     .00001144
3.reduced_~t    -.00003535             0    -.00007945             0    -2.729e-06             0     .00001171      .0000195
0b.organ_t~t             0             0             0             0             0             0             0             0
1.organ_tr~t     .00002304             0    -.00009856             0    -4.150e-06             0     2.615e-06     .00003791
   0b.spleen             0             0             0             0             0             0             0             0
    1.spleen    -1.510e-06             0     6.991e-06             0    -.00001603             0    -.00001037    -5.279e-06
0b.ra_sle_~s             0             0             0             0             0             0             0             0
1.ra_sle_p~s     6.026e-06             0    -8.668e-06             0    -.00004025             0    -.00001134    -.00001219
0b.other_i~n             0             0             0             0             0             0             0             0
1.other_im~n    -.00004555             0     .00001154             0     -.0000573             0    -.00001645     .00001432

                        0b.            1.           1b.            2.            3.            4.           1b.            2.
              chronic_ca~e  chronic_ca~e       diabcat       diabcat       diabcat       diabcat  cancer_exh~t  cancer_exh~t
0b.chronic~e             0
1.chronic_~e             0     .00063052
  1b.diabcat             0             0             0
   2.diabcat             0    -.00005833             0     .00082996
   3.diabcat             0    -.00007142             0     .00030476     .00137578
   4.diabcat             0    -.00004006             0     .00028595     .00029669     .00319813
1b.cancer_~t             0             0             0             0             0             0             0
2.cancer_e~t             0     3.787e-06             0    -.00001515     7.293e-07    -1.771e-06             0     .00646756
3.cancer_e~t             0     9.885e-06             0    -7.327e-06    -8.035e-06     4.087e-06             0     .00017052
4.cancer_e~t             0    -1.713e-07             0    -5.247e-06     5.483e-06    -1.600e-06             0     .00016692
1b.cancer_~t             0             0             0             0             0             0             0             0
2.cancer_h~t             0    -.00002011             0    -.00001471     .00003675    -.00002083             0    -.00044894
3.cancer_h~t             0    -.00001012             0     .00001085     .00001742    -.00002138             0     -.0000287
4.cancer_h~t             0    -.00001767             0    -1.440e-06     7.011e-06    -.00002909             0    -.00002422
0b.chronic~e             0             0             0             0             0             0             0             0
1.chronic_~e             0    -.00001311             0    -.00006811      -.000089    -.00002908             0    -.00009757
0b.stroke_~a             0             0             0             0             0             0             0             0
1.stroke_d~a             0    -.00007975             0    -.00002172    -.00003196    -.00003368             0     1.363e-06
0b.other_n~o             0             0             0             0             0             0             0             0
1.other_ne~o             0    -.00001562             0    -7.264e-06    -4.553e-06    -.00001781             0     4.494e-06
1b.reduced~t             0             0             0             0             0             0             0             0
2.reduced_~t             0    -.00006749             0    -.00003289    -.00006747    -.00002077             0    -3.488e-06
3.reduced_~t             0    -.00012575             0    -.00006717    -.00019491    -.00010316             0    -6.489e-06
0b.organ_t~t             0             0             0             0             0             0             0             0
1.organ_tr~t             0    -9.716e-06             0     3.657e-06    -.00001209     -.0001281             0    -.00004671
   0b.spleen             0             0             0             0             0             0             0             0
    1.spleen             0     -.0000252             0    -.00002835    -.00005258    -.00004598             0    -.00007011
0b.ra_sle_~s             0             0             0             0             0             0             0             0
1.ra_sle_p~s             0    -.00001611             0    -7.801e-06    -3.316e-06     1.602e-06             0    -4.401e-06
0b.other_i~n             0             0             0             0             0             0             0             0
1.other_im~n             0    -.00001599             0      .0000168     .00003067     3.432e-06             0    -.00003393

                         3.            4.           1b.            2.            3.            4.           0b.            1.
              cancer_exh~t  cancer_exh~t  cancer_hae~t  cancer_hae~t  cancer_hae~t  cancer_hae~t  chronic_li~e  chronic_li~e
3.cancer_e~t     .00306325
4.cancer_e~t     .00016829     .00136637
1b.cancer_~t             0             0             0
2.cancer_h~t    -4.613e-06    -5.454e-06             0     .03725909
3.cancer_h~t    -.00017354    -.00002178             0     .00016349     .01115587
4.cancer_h~t    -.00002288    -.00006353             0     .00016546     .00015828     .00818183
0b.chronic~e             0             0             0             0             0             0             0
1.chronic_~e    -.00005651    -.00001983             0     7.594e-06    -.00005725    -.00004663             0     .00730864
0b.stroke_~a             0             0             0             0             0             0             0             0
1.stroke_d~a     .00001122     3.298e-06             0     .00004281     .00003168     6.518e-06             0    -.00001931
0b.other_n~o             0             0             0             0             0             0             0             0
1.other_ne~o      .0000154    -6.124e-07             0     .00001772     2.793e-06     7.539e-06             0    -.00002325
1b.reduced~t             0             0             0             0             0             0             0             0
2.reduced_~t    -.00001273    -.00001317             0    -.00002839    -.00004049    -.00003033             0     1.648e-07
3.reduced_~t    -.00003332    -.00003735             0    -.00016298    -.00007715    -.00008876             0     .00002698
0b.organ_t~t             0             0             0             0             0             0             0             0
1.organ_tr~t    -.00003833    -.00002533             0     .00007934     .00001469    -.00002403             0     -.0016236
   0b.spleen             0             0             0             0             0             0             0             0
    1.spleen    -.00009629    -.00013312             0    -.00006912    -.00010808    -.00084132             0    -.00013631
0b.ra_sle_~s             0             0             0             0             0             0             0             0
1.ra_sle_p~s     1.378e-06     2.761e-06             0     -.0000303     -.0000142    -.00001369             0    -.00005662
0b.other_i~n             0             0             0             0             0             0             0             0
1.other_im~n    -.00004269    -.00002391             0    -.00072861    -.00029923     -.0003995             0    -.00029879

                        0b.            1.           0b.            1.           1b.            2.            3.           0b.
              stroke_dem~a  stroke_dem~a   other_neuro   other_neuro  reduced_ki~t  reduced_ki~t  reduced_ki~t  organ_tran~t
0b.stroke_~a             0
1.stroke_d~a             0     .00078358
0b.other_n~o             0             0             0
1.other_ne~o             0    -.00020976             0     .00222173
1b.reduced~t             0             0             0             0             0
2.reduced_~t             0    -.00002734             0     .00003007             0     .00068364
3.reduced_~t             0    -.00004594             0     .00004165             0     .00038254     .00202096
0b.organ_t~t             0             0             0             0             0             0             0             0
1.organ_tr~t             0     -.0000118             0       .000026             0    -.00021023    -.00063605             0
   0b.spleen             0             0             0             0             0             0             0             0
    1.spleen             0    -.00002221             0    -.00001166             0     .00002825     .00002127             0
0b.ra_sle_~s             0             0             0             0             0             0             0             0
1.ra_sle_p~s             0    -2.962e-06             0     1.465e-06             0     3.397e-06     6.774e-06             0
0b.other_i~n             0             0             0             0             0             0             0             0
1.other_im~n             0     3.161e-06             0     -.0000213             0    -.00002992    -.00008266             0

                         1.           0b.            1.           0b.            1.           0b.            1.
              organ_tran~t        spleen        spleen  ra_sle_pso~s  ra_sle_pso~s  other_immu~n  other_immu~n
1.organ_tr~t     .01974726
   0b.spleen             0             0
    1.spleen    -.00029298             0     .03251751
0b.ra_sle_~s             0             0             0             0
1.ra_sle_p~s     .00002235             0    -.00001574             0     .00156468
0b.other_i~n             0             0             0             0             0             0
1.other_im~n    -.00061632             0     -.0000839             0    -.00006995             0     .02358639

. log close
      name:  <unnamed>
       log:  E:\analyses\opensafely-risk-factors-research-full\analysis\output\models\vmatrices.log
  log type:  text
 closed on:  28 Sep 2020, 20:40:09
----------------------------------------------------------------------------------------------------------------------------------
